2026-03-14 18:02:46.091 | ERROR    | utils:log_error:55 - [ERROR] Login: Couldn't parse the JSON response received from the server: b'Access denied because of exceeding access rate'
2026-03-14 18:02:46.100 | ERROR    | utils:log_error:55 - [ERROR] Fetch Candles: Couldn't parse the JSON response received from the server: b'Access denied because of exceeding access rate'
2026-03-14 18:02:46.108 | ERROR    | utils:log_error:55 - [ERROR] Login: Couldn't parse the JSON response received from the server: b'Access denied because of exceeding access rate'
2026-03-14 18:02:46.144 | ERROR    | utils:log_error:55 - [ERROR] Fetch Candles: Couldn't parse the JSON response received from the server: b'Access denied because of exceeding access rate'
2026-03-14 18:02:46.145 | ERROR    | utils:log_error:55 - [ERROR] Login: Couldn't parse the JSON response received from the server: b'Access denied because of exceeding access rate'
2026-03-14 18:02:46.150 | ERROR    | utils:log_error:55 - [ERROR] Positions: Couldn't parse the JSON response received from the server: b'Access denied because of exceeding access rate'
2026-03-14 18:02:46.174 | ERROR    | utils:log_error:55 - [ERROR] Login: Couldn't parse the JSON response received from the server: b'Access denied because of exceeding access rate'
2026-03-14 18:02:46.197 | ERROR    | utils:log_error:55 - [ERROR] Fetch Candles: Couldn't parse the JSON response received from the server: b'Access denied because of exceeding access rate'
2026-03-14 18:02:46.227 | ERROR    | utils:log_error:55 - [ERROR] Login: Couldn't parse the JSON response received from the server: b'Access denied because of exceeding access rate'
2026-03-14 18:02:46.229 | ERROR    | utils:log_error:55 - [ERROR] Login: Couldn't parse the JSON response received from the server: b'Access denied because of exceeding access rate'
2026-03-14 18:02:46.294 | ERROR    | utils:log_error:55 - [ERROR] Get Margin: Couldn't parse the JSON response received from the server: b'Access denied because of exceeding access rate'
2026-03-14 18:02:46.303 | ERROR    | utils:log_error:55 - [ERROR] Fetch Candles: Couldn't parse the JSON response received from the server: b'Access denied because of exceeding access rate'
2026-03-14 18:02:48.541 | INFO     | login:create_session:40 - [LOGIN] Session created for P145829
2026-03-14 18:02:49.062 | ERROR    | utils:log_error:55 - [ERROR] Login: Couldn't parse the JSON response received from the server: b'Access denied because of exceeding access rate'
2026-03-14 18:02:49.099 | ERROR    | utils:log_error:55 - [ERROR] Positions: Couldn't parse the JSON response received from the server: b'Access denied because of exceeding access rate'
2026-03-14 18:02:49.389 | ERROR    | utils:log_error:55 - [ERROR] Login: Couldn't parse the JSON response received from the server: b'Access denied because of exceeding access rate'
2026-03-14 18:02:49.435 | ERROR    | utils:log_error:55 - [ERROR] Fetch Candles: Couldn't parse the JSON response received from the server: b'Access denied because of exceeding access rate'
2026-03-14 18:02:49.503 | ERROR    | utils:log_error:55 - [ERROR] Login: Couldn't parse the JSON response received from the server: b'Access denied because of exceeding access rate'
2026-03-14 18:02:49.549 | ERROR    | utils:log_error:55 - [ERROR] Login: Couldn't parse the JSON response received from the server: b'Access denied because of exceeding access rate'
2026-03-14 18:02:49.587 | ERROR    | utils:log_error:55 - [ERROR] Get Margin: Couldn't parse the JSON response received from the server: b'Access denied because of exceeding access rate'
2026-03-14 18:02:49.585 | ERROR    | utils:log_error:55 - [ERROR] Fetch Candles: Couldn't parse the JSON response received from the server: b'Access denied because of exceeding access rate'
2026-03-14 18:02:51.021 | INFO     | login:create_session:40 - [LOGIN] Session created for P145829
2026-03-14 18:02:51.695 | INFO     | login:create_session:40 - [LOGIN] Session created for P145829
2026-03-14 18:02:53.503 | ERROR    | utils:log_error:55 - [ERROR] Fetch Candles: Couldn't parse the JSON response received from the server: b'Access denied because of exceeding access rate'
2026-03-14 18:02:55.343 | ERROR    | utils:log_error:55 - [ERROR] Fetch Candles: Couldn't parse the JSON response received from the server: b'Access denied because of exceeding access rate'
